09:29:33.682 [main] ERROR logz.Yellow :: Logger error message
 09:29:33.692 [main] ERROR logz.Yellow :: Error reading designId {}
 java.lang.NullPointerException: null
	at logz.Yellow.main(Yellow.java:42)
09:29:33.698 [main] ERROR logz.Yellow :: SessionId:law45ojafowou ow47aaoseru23ojafo23urafjaoufw823ajfwoe, DesignId:null - Error trying to create buffered reader for file c:\dev\IDONTEXIST.TXT
 09:34:36.418 [main] ERROR logz.Yellow :: Logger error message
 09:34:36.422 [main] DEBUG logz.Scarlet :: Logger debug message
 09:34:36.422 [main] INFO  logz.Scarlet :: Logger info message
 09:34:36.422 [main] WARN  logz.Scarlet :: Logger warn message
 09:34:36.423 [main] ERROR logz.Scarlet :: Logger error message
 09:34:36.427 [main] ERROR logz.Yellow :: Error reading designId {}
 java.lang.NullPointerException: null
	at logz.Yellow.main(Yellow.java:42)
09:34:36.433 [main] ERROR logz.Yellow :: SessionId:law45ojafowou ow47aaoseru23ojafo23urafjaoufw823ajfwoe, DesignId:null - Error trying to create buffered reader for file c:\dev\IDONTEXIST.TXT
 06:15:37.048 [main] DEBUG io.CopyBytes :: Go.
 07:02:32.771 [main] DEBUG io.CopyBytes :: Go.
 07:02:32.780 [main] ERROR io.CopyBytes :: Cannot read file {}
 java.io.FileNotFoundException: lifeandtimes.txt (The system cannot find the file specified)
	at java.io.FileInputStream.open0(Native Method)
	at java.io.FileInputStream.open(Unknown Source)
	at java.io.FileInputStream.<init>(Unknown Source)
	at java.io.FileInputStream.<init>(Unknown Source)
	at io.CopyBytes.readStream(CopyBytes.java:28)
	at io.CopyBytes.<init>(CopyBytes.java:19)
	at io.CopyBytes.main(CopyBytes.java:15)
07:02:32.780 [main] DEBUG io.CopyBytes :: Finally : 
 07:04:33.133 [main] DEBUG io.CopyBytes :: Go.
 07:04:33.141 [main] ERROR io.CopyBytes :: Cannot read file {}
 java.io.IOException: Stream Closed
	at java.io.FileOutputStream.write(Native Method)
	at java.io.FileOutputStream.write(Unknown Source)
	at io.CopyBytes.readStream(CopyBytes.java:32)
	at io.CopyBytes.<init>(CopyBytes.java:19)
	at io.CopyBytes.main(CopyBytes.java:15)
07:04:33.142 [main] DEBUG io.CopyBytes :: Finally : 
 07:05:56.703 [main] DEBUG io.CopyBytes :: Go.
 07:05:56.716 [main] DEBUG io.CopyBytes :: Finally : 
 07:07:00.415 [main] DEBUG io.CopyBytes :: Go.
 07:07:00.425 [main] ERROR io.CopyBytes :: Cannot read file {}
 java.io.IOException: Stream Closed
	at java.io.FileOutputStream.write(Native Method)
	at java.io.FileOutputStream.write(Unknown Source)
	at io.CopyBytes.readStream(CopyBytes.java:34)
	at io.CopyBytes.<init>(CopyBytes.java:19)
	at io.CopyBytes.main(CopyBytes.java:15)
07:07:00.426 [main] DEBUG io.CopyBytes :: Finally : 
 07:09:51.173 [main] DEBUG io.CopyBytes :: Go.
 07:09:51.182 [main] ERROR io.CopyBytes :: Error processing file
 java.io.IOException: Stream Closed
	at java.io.FileOutputStream.write(Native Method)
	at java.io.FileOutputStream.write(Unknown Source)
	at io.CopyBytes.readStream(CopyBytes.java:30)
	at io.CopyBytes.<init>(CopyBytes.java:19)
	at io.CopyBytes.main(CopyBytes.java:15)
07:09:51.182 [main] DEBUG io.CopyBytes :: Finally : 
 07:10:47.031 [main] DEBUG io.CopyBytes :: Go.
 07:10:47.050 [main] DEBUG io.CopyBytes :: Finally : 
 07:29:49.381 [main] DEBUG io.CopyCharacters :: Go.
 07:30:34.960 [main] DEBUG io.CopyCharacters :: Go.
 07:30:34.968 [main] ERROR io.CopyCharacters :: Error reading or writing file :: {}
 java.io.FileNotFoundException: c:\dev\workspaces\sts3.6.4\basement\src\io\lifeandtimeszzz.txt (The system cannot find the file specified)
	at java.io.FileInputStream.open0(Native Method)
	at java.io.FileInputStream.open(Unknown Source)
	at java.io.FileInputStream.<init>(Unknown Source)
	at java.io.FileInputStream.<init>(Unknown Source)
	at java.io.FileReader.<init>(Unknown Source)
	at io.CopyCharacters.writeFile(CopyCharacters.java:24)
	at io.CopyCharacters.<init>(CopyCharacters.java:20)
	at io.CopyCharacters.main(CopyCharacters.java:16)
07:31:14.976 [main] DEBUG io.CopyCharacters :: Go.
 07:31:14.984 [main] ERROR io.CopyCharacters :: Error reading or writing file
 java.io.FileNotFoundException: c:\dev\workspaces\sts3.6.4\basement\src\io\lifeandtimeszzz.txt (The system cannot find the file specified)
	at java.io.FileInputStream.open0(Native Method)
	at java.io.FileInputStream.open(Unknown Source)
	at java.io.FileInputStream.<init>(Unknown Source)
	at java.io.FileInputStream.<init>(Unknown Source)
	at java.io.FileReader.<init>(Unknown Source)
	at io.CopyCharacters.writeFile(CopyCharacters.java:24)
	at io.CopyCharacters.<init>(CopyCharacters.java:20)
	at io.CopyCharacters.main(CopyCharacters.java:16)
07:32:37.324 [main] DEBUG io.CopyCharacters :: Go.
 07:32:37.332 [main] ERROR io.CopyCharacters :: Error reading or writing file :: 234 ::
 java.io.FileNotFoundException: c:\dev\workspaces\sts3.6.4\basement\src\io\lifeandtimeszzz.txt (The system cannot find the file specified)
	at java.io.FileInputStream.open0(Native Method)
	at java.io.FileInputStream.open(Unknown Source)
	at java.io.FileInputStream.<init>(Unknown Source)
	at java.io.FileInputStream.<init>(Unknown Source)
	at java.io.FileReader.<init>(Unknown Source)
	at io.CopyCharacters.writeFile(CopyCharacters.java:25)
	at io.CopyCharacters.<init>(CopyCharacters.java:20)
	at io.CopyCharacters.main(CopyCharacters.java:16)
07:33:34.909 [main] DEBUG io.CopyCharacters :: Go.
 07:33:34.921 [main] ERROR io.CopyCharacters :: Error reading or writing file :: 234 ::
 java.io.FileNotFoundException: c:\aaalsdjfwer\ fileoutput.txt (The system cannot find the path specified)
	at java.io.FileOutputStream.open0(Native Method)
	at java.io.FileOutputStream.open(Unknown Source)
	at java.io.FileOutputStream.<init>(Unknown Source)
	at java.io.FileOutputStream.<init>(Unknown Source)
	at java.io.FileWriter.<init>(Unknown Source)
	at io.CopyCharacters.writeFile(CopyCharacters.java:26)
	at io.CopyCharacters.<init>(CopyCharacters.java:20)
	at io.CopyCharacters.main(CopyCharacters.java:16)
07:39:27.226 [main] DEBUG io.CopyCharacters :: {%PARSER_ERROR[sessionId]} :: Go.
 07:39:27.236 [main] ERROR io.CopyCharacters :: {%PARSER_ERROR[sessionId]} :: Error reading or writing file :: 234 ::
 java.io.FileNotFoundException: c:\aaalsdjfwer\ fileoutput.txt (The system cannot find the path specified)
	at java.io.FileOutputStream.open0(Native Method)
	at java.io.FileOutputStream.open(Unknown Source)
	at java.io.FileOutputStream.<init>(Unknown Source)
	at java.io.FileOutputStream.<init>(Unknown Source)
	at java.io.FileWriter.<init>(Unknown Source)
	at io.CopyCharacters.writeFile(CopyCharacters.java:26)
	at io.CopyCharacters.<init>(CopyCharacters.java:20)
	at io.CopyCharacters.main(CopyCharacters.java:16)
05:52:21.807 [main] DEBUG io.CopyCharacters :: Go.
 05:55:56.538 [main] DEBUG io.CopyCharacters2 :: Go.
 06:03:54.972 [main] DEBUG io.CopyCharacters2 :: Go.
 06:07:57.097 [main] DEBUG io.CopyCharacters2 :: Go.
 06:17:38.209 [main] DEBUG io.CopyCharacters2 :: Go.
 07:03:14.195 [main] DEBUG basement.App :: Start the App.
 07:22:03.180 [main] DEBUG katas.StringCalculator :: Go
 21:12:24.614 [main] DEBUG enums.Day2 :: The day is SUNDAY
 05:47:45.672 [main] DEBUG enums.Red :: The day is FRIDAY
 05:47:45.678 [main] DEBUG enums.Red :: The month is APRIL
 05:47:45.678 [main] DEBUG enums.Red :: go friday.
 05:47:45.678 [main] DEBUG enums.Red :: still friday
 05:47:45.679 [main] DEBUG enums.Red :: Values JANUARY
 05:47:45.704 [main] INFO  enums.Red :: Weight on Mercury is 25.396256263396346{}
 05:47:45.706 [main] INFO  enums.Red :: You are king of the world
 05:47:45.707 [main] INFO  enums.Red :: Weight on Venus is 60.82164587346164{}
 05:47:45.707 [main] INFO  enums.Red :: You are king of the world
 05:47:45.707 [main] INFO  enums.Red :: Weight on Earth is 67.0{}
 05:47:45.707 [main] INFO  enums.Red :: You are king of the world
 05:48:03.621 [main] DEBUG enums.Red :: The day is FRIDAY
 05:48:03.627 [main] DEBUG enums.Red :: The month is APRIL
 05:48:03.627 [main] DEBUG enums.Red :: go friday.
 05:48:03.627 [main] DEBUG enums.Red :: still friday
 05:48:03.628 [main] DEBUG enums.Red :: Values JANUARY
 05:48:03.630 [main] INFO  enums.Red :: Weight on Mercury is 25.396256263396346{}
 05:48:03.632 [main] INFO  enums.Red :: You are king of the world
 05:48:03.632 [main] INFO  enums.Red :: Weight on Venus is 60.82164587346164{}
 05:48:03.632 [main] INFO  enums.Red :: You are king of the world
 05:48:03.633 [main] INFO  enums.Red :: Weight on Earth is 67.0{}
 05:48:03.633 [main] INFO  enums.Red :: You are king of the world
 05:49:01.959 [main] DEBUG enums.Red :: The day is FRIDAY
 05:49:01.968 [main] DEBUG enums.Red :: The month is APRIL
 05:49:01.968 [main] DEBUG enums.Red :: go friday.
 05:49:01.969 [main] DEBUG enums.Red :: still friday
 05:49:01.969 [main] DEBUG enums.Red :: Values JANUARY
 05:49:01.969 [main] DEBUG enums.Red :: month : JANUARY
 05:49:01.969 [main] DEBUG enums.Red :: month : FEBRUARY
 05:49:01.969 [main] DEBUG enums.Red :: month : MARCH
 05:49:01.969 [main] DEBUG enums.Red :: month : APRIL
 05:49:01.969 [main] DEBUG enums.Red :: month : MAY
 05:49:01.970 [main] DEBUG enums.Red :: month : JUNE
 05:49:01.970 [main] DEBUG enums.Red :: month : JULY
 05:49:01.970 [main] DEBUG enums.Red :: month : AUGUST
 05:49:01.970 [main] DEBUG enums.Red :: month : SEPTEMBER
 05:49:01.970 [main] DEBUG enums.Red :: month : OCTOBER
 05:49:01.970 [main] DEBUG enums.Red :: month : NOVEMBER
 05:49:01.971 [main] DEBUG enums.Red :: month : DECEMBER
 05:49:01.973 [main] INFO  enums.Red :: Weight on Mercury is 25.396256263396346{}
 05:49:01.976 [main] INFO  enums.Red :: You are king of the world
 05:49:01.977 [main] INFO  enums.Red :: Weight on Venus is 60.82164587346164{}
 05:49:01.977 [main] INFO  enums.Red :: You are king of the world
 05:49:01.977 [main] INFO  enums.Red :: Weight on Earth is 67.0{}
 05:49:01.977 [main] INFO  enums.Red :: You are king of the world
 05:50:16.476 [main] DEBUG enums.Red :: The day is FRIDAY
 05:50:16.482 [main] DEBUG enums.Red :: The month is APRIL
 05:50:16.482 [main] DEBUG enums.Red :: go friday.
 05:50:16.482 [main] DEBUG enums.Red :: still friday
 05:50:16.482 [main] DEBUG enums.Red :: Values JANUARY
 05:50:16.482 [main] DEBUG enums.Red :: month : JANUARY
 05:50:16.482 [main] DEBUG enums.Red :: month : FEBRUARY
 05:50:16.483 [main] DEBUG enums.Red :: month : MARCH
 05:50:16.483 [main] DEBUG enums.Red :: month : APRIL
 05:50:16.483 [main] DEBUG enums.Red :: month : MAY
 05:50:16.483 [main] DEBUG enums.Red :: month : JUNE
 05:50:16.483 [main] DEBUG enums.Red :: month : JULY
 05:50:16.483 [main] DEBUG enums.Red :: month : AUGUST
 05:50:16.483 [main] DEBUG enums.Red :: month : SEPTEMBER
 05:50:16.483 [main] DEBUG enums.Red :: month : OCTOBER
 05:50:16.483 [main] DEBUG enums.Red :: month : NOVEMBER
 05:50:16.484 [main] DEBUG enums.Red :: month : DECEMBER
 05:50:16.484 [main] DEBUG enums.Red :: compare april to may -1
 05:50:16.485 [main] INFO  enums.Red :: Weight on Mercury is 25.396256263396346{}
 05:50:16.487 [main] INFO  enums.Red :: You are king of the world
 05:50:16.487 [main] INFO  enums.Red :: Weight on Venus is 60.82164587346164{}
 05:50:16.488 [main] INFO  enums.Red :: You are king of the world
 05:50:16.488 [main] INFO  enums.Red :: Weight on Earth is 67.0{}
 05:50:16.488 [main] INFO  enums.Red :: You are king of the world
 05:50:31.179 [main] DEBUG enums.Red :: The day is FRIDAY
 05:50:31.183 [main] DEBUG enums.Red :: The month is APRIL
 05:50:31.184 [main] DEBUG enums.Red :: go friday.
 05:50:31.184 [main] DEBUG enums.Red :: still friday
 05:50:31.184 [main] DEBUG enums.Red :: Values JANUARY
 05:50:31.184 [main] DEBUG enums.Red :: month : JANUARY
 05:50:31.184 [main] DEBUG enums.Red :: month : FEBRUARY
 05:50:31.184 [main] DEBUG enums.Red :: month : MARCH
 05:50:31.184 [main] DEBUG enums.Red :: month : APRIL
 05:50:31.184 [main] DEBUG enums.Red :: month : MAY
 05:50:31.185 [main] DEBUG enums.Red :: month : JUNE
 05:50:31.185 [main] DEBUG enums.Red :: month : JULY
 05:50:31.185 [main] DEBUG enums.Red :: month : AUGUST
 05:50:31.185 [main] DEBUG enums.Red :: month : SEPTEMBER
 05:50:31.185 [main] DEBUG enums.Red :: month : OCTOBER
 05:50:31.185 [main] DEBUG enums.Red :: month : NOVEMBER
 05:50:31.185 [main] DEBUG enums.Red :: month : DECEMBER
 05:50:31.185 [main] DEBUG enums.Red :: compare april to may 0
 05:50:31.188 [main] INFO  enums.Red :: Weight on Mercury is 25.396256263396346{}
 05:50:31.190 [main] INFO  enums.Red :: You are king of the world
 05:50:31.190 [main] INFO  enums.Red :: Weight on Venus is 60.82164587346164{}
 05:50:31.191 [main] INFO  enums.Red :: You are king of the world
 05:50:31.191 [main] INFO  enums.Red :: Weight on Earth is 67.0{}
 05:50:31.191 [main] INFO  enums.Red :: You are king of the world
 05:52:09.410 [main] DEBUG enums.Red :: The day is FRIDAY
 05:52:09.415 [main] DEBUG enums.Red :: The month is APRIL
 05:52:09.415 [main] DEBUG enums.Red :: go friday.
 05:52:09.415 [main] DEBUG enums.Red :: still friday
 05:52:09.415 [main] DEBUG enums.Red :: Values JANUARY
 05:52:09.416 [main] DEBUG enums.Red :: month : JANUARY
 05:52:09.416 [main] DEBUG enums.Red :: month : FEBRUARY
 05:52:09.416 [main] DEBUG enums.Red :: month : MARCH
 05:52:09.416 [main] DEBUG enums.Red :: month : APRIL
 05:52:09.416 [main] DEBUG enums.Red :: month : MAY
 05:52:09.416 [main] DEBUG enums.Red :: month : JUNE
 05:52:09.416 [main] DEBUG enums.Red :: month : JULY
 05:52:09.416 [main] DEBUG enums.Red :: month : AUGUST
 05:52:09.417 [main] DEBUG enums.Red :: month : SEPTEMBER
 05:52:09.417 [main] DEBUG enums.Red :: month : OCTOBER
 05:52:09.417 [main] DEBUG enums.Red :: month : NOVEMBER
 05:52:09.417 [main] DEBUG enums.Red :: month : DECEMBER
 05:52:09.417 [main] DEBUG enums.Red :: compare april to may -1
 05:52:09.417 [main] DEBUG enums.Red :: compare april to april 0
 05:52:09.417 [main] DEBUG enums.Red :: compare april to january 3
 05:52:09.419 [main] INFO  enums.Red :: Weight on Mercury is 25.396256263396346{}
 05:52:09.422 [main] INFO  enums.Red :: You are king of the world
 05:52:09.422 [main] INFO  enums.Red :: Weight on Venus is 60.82164587346164{}
 05:52:09.422 [main] INFO  enums.Red :: You are king of the world
 05:52:09.422 [main] INFO  enums.Red :: Weight on Earth is 67.0{}
 05:52:09.422 [main] INFO  enums.Red :: You are king of the world
 05:53:44.671 [main] DEBUG enums.Red :: The day is FRIDAY
 05:53:44.676 [main] DEBUG enums.Red :: The month is APRIL
 05:53:44.676 [main] DEBUG enums.Red :: go friday.
 05:53:44.676 [main] DEBUG enums.Red :: still friday
 05:53:44.677 [main] DEBUG enums.Red :: Values JANUARY
 05:53:44.677 [main] DEBUG enums.Red :: month : JANUARY
 05:53:44.677 [main] DEBUG enums.Red :: month : FEBRUARY
 05:53:44.677 [main] DEBUG enums.Red :: month : MARCH
 05:53:44.677 [main] DEBUG enums.Red :: month : APRIL
 05:53:44.677 [main] DEBUG enums.Red :: month : MAY
 05:53:44.677 [main] DEBUG enums.Red :: month : JUNE
 05:53:44.677 [main] DEBUG enums.Red :: month : JULY
 05:53:44.677 [main] DEBUG enums.Red :: month : AUGUST
 05:53:44.677 [main] DEBUG enums.Red :: month : SEPTEMBER
 05:53:44.677 [main] DEBUG enums.Red :: month : OCTOBER
 05:53:44.678 [main] DEBUG enums.Red :: month : NOVEMBER
 05:53:44.678 [main] DEBUG enums.Red :: month : DECEMBER
 05:53:44.678 [main] DEBUG enums.Red :: compare april to may -1
 05:53:44.678 [main] DEBUG enums.Red :: compare april to april 0
 05:53:44.678 [main] DEBUG enums.Red :: compare april to january 3
 05:53:44.678 [main] DEBUG enums.Red :: compare april to december -8
 05:53:44.680 [main] INFO  enums.Red :: Weight on Mercury is 25.396256263396346{}
 05:53:44.682 [main] INFO  enums.Red :: You are king of the world
 05:53:44.683 [main] INFO  enums.Red :: Weight on Venus is 60.82164587346164{}
 05:53:44.683 [main] INFO  enums.Red :: You are king of the world
 05:53:44.683 [main] INFO  enums.Red :: Weight on Earth is 67.0{}
 05:53:44.683 [main] INFO  enums.Red :: You are king of the world
 06:00:51.600 [main] DEBUG enums.Red :: The day is FRIDAY
 06:00:51.605 [main] DEBUG enums.Red :: The month is APRIL
 06:00:51.605 [main] DEBUG enums.Red :: go friday.
 06:00:51.606 [main] DEBUG enums.Red :: still friday
 06:00:51.606 [main] DEBUG enums.Red :: Values JANUARY
 06:00:51.606 [main] DEBUG enums.Red :: month : JANUARY
 06:00:51.606 [main] DEBUG enums.Red :: month : FEBRUARY
 06:00:51.606 [main] DEBUG enums.Red :: month : MARCH
 06:00:51.606 [main] DEBUG enums.Red :: month : APRIL
 06:00:51.607 [main] DEBUG enums.Red :: month : MAY
 06:00:51.607 [main] DEBUG enums.Red :: month : JUNE
 06:00:51.607 [main] DEBUG enums.Red :: month : JULY
 06:00:51.607 [main] DEBUG enums.Red :: month : AUGUST
 06:00:51.607 [main] DEBUG enums.Red :: month : SEPTEMBER
 06:00:51.607 [main] DEBUG enums.Red :: month : OCTOBER
 06:00:51.607 [main] DEBUG enums.Red :: month : NOVEMBER
 06:00:51.607 [main] DEBUG enums.Red :: month : DECEMBER
 06:00:51.607 [main] DEBUG enums.Red :: compare april to may -1
 06:00:51.608 [main] DEBUG enums.Red :: compare april to april 0
 06:00:51.608 [main] DEBUG enums.Red :: compare april to january 3
 06:00:51.608 [main] DEBUG enums.Red :: compare april to december -8
 06:00:51.610 [main] DEBUG enums.Red :: Operations 22.0
 06:00:51.613 [main] INFO  enums.Red :: Weight on Mercury is 25.396256263396346{}
 06:00:51.614 [main] INFO  enums.Red :: You are king of the world
 06:00:51.614 [main] INFO  enums.Red :: Weight on Venus is 60.82164587346164{}
 06:00:51.614 [main] INFO  enums.Red :: You are king of the world
 06:00:51.614 [main] INFO  enums.Red :: Weight on Earth is 67.0{}
 06:00:51.614 [main] INFO  enums.Red :: You are king of the world
 06:35:06.295 [main] DEBUG classes.HighSchoolCustomer :: go
 06:35:06.299 [main] DEBUG classes.HighSchoolCustomer :: hs1 guid & value:: asldfjwoeurlasjf, 345635345
 06:35:42.238 [main] DEBUG classes.HighSchoolCustomer :: go
 06:35:42.241 [main] DEBUG classes.HighSchoolCustomer :: hs1 guid:asldfjwoeurlasjf, value:345635345
 06:40:12.144 [main] DEBUG classes.HighSchoolCustomer :: go
 06:40:12.487 [main] DEBUG classes.HighSchoolCustomer :: hs1 guid:32544255-95ff-4866-96e9-88af37783dc8, value:345635345
 06:40:18.900 [main] DEBUG classes.HighSchoolCustomer :: go
 06:40:18.993 [main] DEBUG classes.HighSchoolCustomer :: hs1 guid:bb1a2569-de18-4371-9d77-fe83ae401f31, value:345635345
 06:41:00.592 [main] DEBUG classes.HighSchoolCustomer :: go
 06:41:00.702 [main] DEBUG classes.HighSchoolCustomer :: hs1 guid:7df9d8aa-e485-46f9-8d95-396624365906, value:345635345
 06:41:00.705 [main] DEBUG classes.HighSchoolCustomer :: hs2 guid:2f1df7c2-4722-4f61-af24-6c1dbfe4cb30, value:345635345
 06:44:55.988 [main] DEBUG classes.HighSchoolCustomer :: go
 06:44:56.082 [main] DEBUG classes.HighSchoolCustomer :: hs1 guid:5bebbbe8-5a55-4166-8dee-a8fd7224f48e, value:710
 06:44:56.082 [main] DEBUG classes.HighSchoolCustomer :: hs2 guid:4376343a-f41e-465a-8f94-f71cec70cba3, value:15
 06:47:48.915 [main] DEBUG classes.HighSchoolCustomer :: go
 06:47:49.024 [main] DEBUG classes.HighSchoolCustomer :: hs1 guid:94a39fe7-6d37-4c8f-8763-899225eac106, value:1672
 06:47:49.024 [main] DEBUG classes.HighSchoolCustomer :: hs2 guid:3b45bfca-1287-438d-91dd-6e8be0aecf45, value:3641
 05:57:31.170 [main] DEBUG katas.StringCalculator :: go.
 05:58:22.830 [main] DEBUG katas.StringCalculator :: go.
 05:58:26.959 [main] DEBUG katas.StringCalculator :: 0
 05:58:37.035 [main] DEBUG katas.StringCalculator :: go.
 05:58:39.968 [main] DEBUG katas.StringCalculator :: 0
 20:11:38.868 [main] DEBUG lambdas.YearbookCustomerSearch :: Are all the yearbooks profitable Yes
 20:12:03.559 [main] DEBUG lambdas.YearbookCustomerSearch :: Are all the yearbooks profitable No
 20:16:29.488 [main] DEBUG lambdas.YearbookCustomerSearch :: Are all the yearbooks profitable Yes
 20:16:29.496 [main] DEBUG lambdas.YearbookCustomerSearch :: isNotFlagstaff true
 20:46:47.349 [main] DEBUG lambdas.YearbookCustomerSearch :: First integer squared divisible by 3:: Optional[9]
 20:47:18.768 [main] DEBUG lambdas.YearbookCustomerSearch :: First integer squared divisible by 3:: 9
 19:32:32.441 [main] DEBUG lambdas.YearbookCustomerSearch :: First integer squared divisible by 3:: 9
 19:32:32.460 [main] DEBUG lambdas.YearbookCustomerSearch :: count 5
 19:32:42.932 [main] DEBUG lambdas.YearbookCustomerSearch :: First integer squared divisible by 3:: 9
 19:32:42.942 [main] DEBUG lambdas.YearbookCustomerSearch :: count 0
 19:34:18.942 [main] DEBUG lambdas.YearbookCustomerSearch :: First integer squared divisible by 3:: 9
 19:34:18.954 [main] DEBUG lambdas.YearbookCustomerSearch :: min max 5 Optional[1]
 19:34:28.971 [main] DEBUG lambdas.YearbookCustomerSearch :: First integer squared divisible by 3:: 9
 19:34:28.981 [main] DEBUG lambdas.YearbookCustomerSearch :: min max 5 1
 19:34:43.739 [main] DEBUG lambdas.YearbookCustomerSearch :: First integer squared divisible by 3:: 9
 19:34:43.749 [main] DEBUG lambdas.YearbookCustomerSearch :: max, min 5 1
 19:48:37.518 [main] DEBUG lambdas.YearbookCustomerSearch :: First integer squared divisible by 3:: 9
 19:48:37.527 [main] DEBUG lambdas.YearbookCustomerSearch :: max, min 5 1
 19:48:37.528 [main] DEBUG lambdas.YearbookCustomerSearch :: Number of dishes 9
 19:53:40.514 [main] DEBUG lambdas.YearbookCustomerSearch :: sum 15
 19:55:43.763 [main] DEBUG lambdas.YearbookCustomerSearch :: sum 15
 19:55:43.772 [main] DEBUG lambdas.YearbookCustomerSearch :: sum2 15
 19:58:50.840 [main] DEBUG lambdas.YearbookCustomerSearch :: sum 15
 19:58:50.848 [main] DEBUG lambdas.YearbookCustomerSearch :: sum2 15
 19:58:50.849 [main] DEBUG lambdas.YearbookCustomerSearch :: max 5
 20:04:27.730 [main] DEBUG lambdas.YearbookCustomerSearch :: sum 15
 20:04:27.738 [main] DEBUG lambdas.YearbookCustomerSearch :: sum2 15
 20:04:27.739 [main] DEBUG lambdas.YearbookCustomerSearch :: max 5
 20:04:27.741 [main] DEBUG lambdas.YearbookCustomerSearch :: longest string 44
 20:04:40.905 [main] DEBUG lambdas.YearbookCustomerSearch :: sum 15
 20:04:40.918 [main] DEBUG lambdas.YearbookCustomerSearch :: sum2 15
 20:04:40.919 [main] DEBUG lambdas.YearbookCustomerSearch :: max 5
 20:04:40.922 [main] DEBUG lambdas.YearbookCustomerSearch :: longest string 0
 20:05:49.608 [main] DEBUG lambdas.YearbookCustomerSearch :: sum 15
 20:05:49.618 [main] DEBUG lambdas.YearbookCustomerSearch :: sum2 15
 20:05:49.618 [main] DEBUG lambdas.YearbookCustomerSearch :: max 5
 20:05:49.620 [main] DEBUG lambdas.YearbookCustomerSearch :: longest string 29
 